{"/home/vboxuser/repos/battleship/src/modules/gameboard/index.js": {"path":"/home/vboxuser/repos/battleship/src/modules/gameboard/index.js","statementMap":{"0":{"start":{"line":2,"column":16},"end":{"line":2,"column":18}},"1":{"start":{"line":3,"column":17},"end":{"line":3,"column":19}},"2":{"start":{"line":4,"column":16},"end":{"line":4,"column":18}},"3":{"start":{"line":7,"column":4},"end":{"line":7,"column":21}},"4":{"start":{"line":8,"column":4},"end":{"line":11,"column":5}},"5":{"start":{"line":8,"column":17},"end":{"line":8,"column":18}},"6":{"start":{"line":9,"column":18},"end":{"line":9,"column":64}},"7":{"start":{"line":10,"column":6},"end":{"line":10,"column":35}},"8":{"start":{"line":15,"column":16},"end":{"line":15,"column":33}},"9":{"start":{"line":16,"column":19},"end":{"line":16,"column":29}},"10":{"start":{"line":17,"column":4},"end":{"line":23,"column":5}},"11":{"start":{"line":18,"column":6},"end":{"line":18,"column":19}},"12":{"start":{"line":19,"column":6},"end":{"line":19,"column":19}},"13":{"start":{"line":21,"column":6},"end":{"line":21,"column":23}},"14":{"start":{"line":22,"column":6},"end":{"line":22,"column":20}},"15":{"start":{"line":27,"column":4},"end":{"line":27,"column":42}},"16":{"start":{"line":27,"column":30},"end":{"line":27,"column":40}},"17":{"start":{"line":30,"column":2},"end":{"line":30,"column":55}}},"fnMap":{"0":{"name":"Gameboard","decl":{"start":{"line":1,"column":9},"end":{"line":1,"column":18}},"loc":{"start":{"line":1,"column":21},"end":{"line":31,"column":1}},"line":1},"1":{"name":"placeShip","decl":{"start":{"line":6,"column":11},"end":{"line":6,"column":20}},"loc":{"start":{"line":6,"column":55},"end":{"line":12,"column":3}},"line":6},"2":{"name":"receiveAttack","decl":{"start":{"line":14,"column":11},"end":{"line":14,"column":24}},"loc":{"start":{"line":14,"column":33},"end":{"line":24,"column":3}},"line":14},"3":{"name":"allSunk","decl":{"start":{"line":26,"column":11},"end":{"line":26,"column":18}},"loc":{"start":{"line":26,"column":21},"end":{"line":28,"column":3}},"line":26},"4":{"name":"(anonymous_4)","decl":{"start":{"line":27,"column":23},"end":{"line":27,"column":24}},"loc":{"start":{"line":27,"column":30},"end":{"line":27,"column":40}},"line":27}},"branchMap":{"0":{"loc":{"start":{"line":6,"column":35},"end":{"line":6,"column":53}},"type":"default-arg","locations":[{"start":{"line":6,"column":41},"end":{"line":6,"column":53}}],"line":6},"1":{"loc":{"start":{"line":9,"column":18},"end":{"line":9,"column":64}},"type":"cond-expr","locations":[{"start":{"line":9,"column":41},"end":{"line":9,"column":51}},{"start":{"line":9,"column":54},"end":{"line":9,"column":64}}],"line":9},"2":{"loc":{"start":{"line":17,"column":4},"end":{"line":23,"column":5}},"type":"if","locations":[{"start":{"line":17,"column":4},"end":{"line":23,"column":5}},{"start":{"line":20,"column":11},"end":{"line":23,"column":5}}],"line":17}},"s":{"0":4,"1":4,"2":4,"3":3,"4":3,"5":3,"6":4,"7":4,"8":5,"9":5,"10":5,"11":4,"12":4,"13":1,"14":1,"15":1,"16":1,"17":4},"f":{"0":4,"1":3,"2":5,"3":1,"4":1},"b":{"0":[2],"1":[4,0],"2":[4,1]},"_coverageSchema":"1a1c01bbd47fc00a2c39e90264f33305004495a9","hash":"3de9ebfac6386c0b114e6e3c539e37b3da85aede"}
,"/home/vboxuser/repos/battleship/src/modules/player/index.js": {"path":"/home/vboxuser/repos/battleship/src/modules/player/index.js","statementMap":{"0":{"start":{"line":4,"column":16},"end":{"line":4,"column":27}},"1":{"start":{"line":7,"column":4},"end":{"line":7,"column":47}},"2":{"start":{"line":10,"column":2},"end":{"line":10,"column":27}}},"fnMap":{"0":{"name":"Player","decl":{"start":{"line":3,"column":9},"end":{"line":3,"column":15}},"loc":{"start":{"line":3,"column":18},"end":{"line":11,"column":1}},"line":3},"1":{"name":"attack","decl":{"start":{"line":6,"column":11},"end":{"line":6,"column":17}},"loc":{"start":{"line":6,"column":35},"end":{"line":8,"column":3}},"line":6}},"branchMap":{},"s":{"0":2,"1":1,"2":2},"f":{"0":2,"1":1},"b":{},"_coverageSchema":"1a1c01bbd47fc00a2c39e90264f33305004495a9","hash":"0c148d56e739f465c6be8d22f233ed0a4b3af95c"}
,"/home/vboxuser/repos/battleship/src/modules/ship/index.js": {"path":"/home/vboxuser/repos/battleship/src/modules/ship/index.js","statementMap":{"0":{"start":{"line":2,"column":13},"end":{"line":2,"column":14}},"1":{"start":{"line":5,"column":4},"end":{"line":5,"column":11}},"2":{"start":{"line":9,"column":4},"end":{"line":9,"column":26}},"3":{"start":{"line":12,"column":2},"end":{"line":12,"column":33}}},"fnMap":{"0":{"name":"Ship","decl":{"start":{"line":1,"column":24},"end":{"line":1,"column":28}},"loc":{"start":{"line":1,"column":37},"end":{"line":13,"column":1}},"line":1},"1":{"name":"hit","decl":{"start":{"line":4,"column":11},"end":{"line":4,"column":14}},"loc":{"start":{"line":4,"column":17},"end":{"line":6,"column":3}},"line":4},"2":{"name":"isSunk","decl":{"start":{"line":8,"column":11},"end":{"line":8,"column":17}},"loc":{"start":{"line":8,"column":20},"end":{"line":10,"column":3}},"line":8}},"branchMap":{},"s":{"0":3,"1":6,"2":4,"3":3},"f":{"0":3,"1":6,"2":4},"b":{},"_coverageSchema":"1a1c01bbd47fc00a2c39e90264f33305004495a9","hash":"a4411c511e552c3935b7c4be2c6cea0d4d35b44d"}
}
