{"/home/vboxuser/repos/battleship/src/modules/gameboard/index.js": {"path":"/home/vboxuser/repos/battleship/src/modules/gameboard/index.js","statementMap":{"0":{"start":{"line":2,"column":22},"end":{"line":2,"column":31}},"1":{"start":{"line":3,"column":15},"end":{"line":3,"column":24}},"2":{"start":{"line":4,"column":24},"end":{"line":4,"column":33}},"3":{"start":{"line":5,"column":16},"end":{"line":5,"column":18}},"4":{"start":{"line":8,"column":22},"end":{"line":8,"column":24}},"5":{"start":{"line":9,"column":4},"end":{"line":13,"column":5}},"6":{"start":{"line":9,"column":17},"end":{"line":9,"column":18}},"7":{"start":{"line":10,"column":18},"end":{"line":10,"column":70}},"8":{"start":{"line":11,"column":6},"end":{"line":11,"column":26}},"9":{"start":{"line":12,"column":6},"end":{"line":12,"column":47}},"10":{"start":{"line":14,"column":4},"end":{"line":14,"column":36}},"11":{"start":{"line":18,"column":16},"end":{"line":18,"column":27}},"12":{"start":{"line":19,"column":4},"end":{"line":25,"column":5}},"13":{"start":{"line":20,"column":6},"end":{"line":24,"column":7}},"14":{"start":{"line":20,"column":39},"end":{"line":20,"column":59}},"15":{"start":{"line":21,"column":8},"end":{"line":21,"column":19}},"16":{"start":{"line":22,"column":8},"end":{"line":22,"column":22}},"17":{"start":{"line":23,"column":8},"end":{"line":23,"column":21}},"18":{"start":{"line":26,"column":4},"end":{"line":26,"column":25}},"19":{"start":{"line":27,"column":4},"end":{"line":27,"column":18}},"20":{"start":{"line":31,"column":4},"end":{"line":31,"column":52}},"21":{"start":{"line":31,"column":37},"end":{"line":31,"column":50}},"22":{"start":{"line":34,"column":2},"end":{"line":41,"column":4}}},"fnMap":{"0":{"name":"Gameboard","decl":{"start":{"line":1,"column":24},"end":{"line":1,"column":33}},"loc":{"start":{"line":1,"column":36},"end":{"line":42,"column":1}},"line":1},"1":{"name":"placeShip","decl":{"start":{"line":7,"column":11},"end":{"line":7,"column":20}},"loc":{"start":{"line":7,"column":61},"end":{"line":15,"column":3}},"line":7},"2":{"name":"receiveAttack","decl":{"start":{"line":17,"column":11},"end":{"line":17,"column":24}},"loc":{"start":{"line":17,"column":33},"end":{"line":28,"column":3}},"line":17},"3":{"name":"(anonymous_3)","decl":{"start":{"line":20,"column":25},"end":{"line":20,"column":26}},"loc":{"start":{"line":20,"column":39},"end":{"line":20,"column":59}},"line":20},"4":{"name":"allSunk","decl":{"start":{"line":30,"column":11},"end":{"line":30,"column":18}},"loc":{"start":{"line":30,"column":21},"end":{"line":32,"column":3}},"line":30},"5":{"name":"(anonymous_5)","decl":{"start":{"line":31,"column":23},"end":{"line":31,"column":24}},"loc":{"start":{"line":31,"column":37},"end":{"line":31,"column":50}},"line":31}},"branchMap":{"0":{"loc":{"start":{"line":7,"column":35},"end":{"line":7,"column":59}},"type":"default-arg","locations":[{"start":{"line":7,"column":47},"end":{"line":7,"column":59}}],"line":7},"1":{"loc":{"start":{"line":10,"column":18},"end":{"line":10,"column":70}},"type":"cond-expr","locations":[{"start":{"line":10,"column":47},"end":{"line":10,"column":57}},{"start":{"line":10,"column":60},"end":{"line":10,"column":70}}],"line":10},"2":{"loc":{"start":{"line":20,"column":6},"end":{"line":24,"column":7}},"type":"if","locations":[{"start":{"line":20,"column":6},"end":{"line":24,"column":7}},{"start":{},"end":{}}],"line":20},"3":{"loc":{"start":{"line":20,"column":39},"end":{"line":20,"column":59}},"type":"binary-expr","locations":[{"start":{"line":20,"column":39},"end":{"line":20,"column":47}},{"start":{"line":20,"column":51},"end":{"line":20,"column":59}}],"line":20}},"s":{"0":4,"1":4,"2":4,"3":4,"4":3,"5":3,"6":3,"7":4,"8":4,"9":4,"10":3,"11":5,"12":5,"13":5,"14":7,"15":4,"16":4,"17":4,"18":1,"19":1,"20":1,"21":1,"22":4},"f":{"0":4,"1":3,"2":5,"3":7,"4":1,"5":1},"b":{"0":[2],"1":[4,0],"2":[4,1],"3":[7,4]},"_coverageSchema":"1a1c01bbd47fc00a2c39e90264f33305004495a9","hash":"fa5e6ba038e518ace3013589919c58514e7c6a8e"}
,"/home/vboxuser/repos/battleship/src/modules/player/index.js": {"path":"/home/vboxuser/repos/battleship/src/modules/player/index.js","statementMap":{"0":{"start":{"line":4,"column":16},"end":{"line":4,"column":27}},"1":{"start":{"line":7,"column":4},"end":{"line":7,"column":47}},"2":{"start":{"line":10,"column":2},"end":{"line":10,"column":27}}},"fnMap":{"0":{"name":"Player","decl":{"start":{"line":3,"column":9},"end":{"line":3,"column":15}},"loc":{"start":{"line":3,"column":18},"end":{"line":11,"column":1}},"line":3},"1":{"name":"attack","decl":{"start":{"line":6,"column":11},"end":{"line":6,"column":17}},"loc":{"start":{"line":6,"column":35},"end":{"line":8,"column":3}},"line":6}},"branchMap":{},"s":{"0":2,"1":1,"2":2},"f":{"0":2,"1":1},"b":{},"_coverageSchema":"1a1c01bbd47fc00a2c39e90264f33305004495a9","hash":"0c148d56e739f465c6be8d22f233ed0a4b3af95c"}
,"/home/vboxuser/repos/battleship/src/modules/ship/index.js": {"path":"/home/vboxuser/repos/battleship/src/modules/ship/index.js","statementMap":{"0":{"start":{"line":2,"column":13},"end":{"line":2,"column":14}},"1":{"start":{"line":5,"column":4},"end":{"line":5,"column":11}},"2":{"start":{"line":9,"column":4},"end":{"line":9,"column":26}},"3":{"start":{"line":12,"column":2},"end":{"line":12,"column":33}}},"fnMap":{"0":{"name":"Ship","decl":{"start":{"line":1,"column":24},"end":{"line":1,"column":28}},"loc":{"start":{"line":1,"column":37},"end":{"line":13,"column":1}},"line":1},"1":{"name":"hit","decl":{"start":{"line":4,"column":11},"end":{"line":4,"column":14}},"loc":{"start":{"line":4,"column":17},"end":{"line":6,"column":3}},"line":4},"2":{"name":"isSunk","decl":{"start":{"line":8,"column":11},"end":{"line":8,"column":17}},"loc":{"start":{"line":8,"column":20},"end":{"line":10,"column":3}},"line":8}},"branchMap":{},"s":{"0":3,"1":6,"2":4,"3":3},"f":{"0":3,"1":6,"2":4},"b":{},"_coverageSchema":"1a1c01bbd47fc00a2c39e90264f33305004495a9","hash":"a4411c511e552c3935b7c4be2c6cea0d4d35b44d"}
}
