TN:
SF:src/modules/gameboard/index.js
FN:1,Gameboard
FN:6,placeShip
FN:14,receiveAttack
FN:26,allSunk
FN:27,(anonymous_4)
FNF:5
FNH:5
FNDA:4,Gameboard
FNDA:3,placeShip
FNDA:5,receiveAttack
FNDA:1,allSunk
FNDA:1,(anonymous_4)
DA:2,4
DA:3,4
DA:4,4
DA:7,3
DA:8,3
DA:9,4
DA:10,4
DA:15,5
DA:16,5
DA:17,5
DA:18,4
DA:19,4
DA:21,1
DA:22,1
DA:27,1
DA:30,4
LF:16
LH:16
BRDA:6,0,0,2
BRDA:9,1,0,4
BRDA:9,1,1,0
BRDA:17,2,0,4
BRDA:17,2,1,1
BRF:5
BRH:4
end_of_record
TN:
SF:src/modules/player/index.js
FN:3,Player
FN:6,attack
FNF:2
FNH:2
FNDA:2,Player
FNDA:1,attack
DA:4,2
DA:7,1
DA:10,2
LF:3
LH:3
BRF:0
BRH:0
end_of_record
TN:
SF:src/modules/ship/index.js
FN:1,Ship
FN:4,hit
FN:8,isSunk
FNF:3
FNH:3
FNDA:3,Ship
FNDA:6,hit
FNDA:4,isSunk
DA:2,3
DA:5,6
DA:9,4
DA:12,3
LF:4
LH:4
BRF:0
BRH:0
end_of_record
