TN:
SF:src/modules/gameboard/index.js
FN:1,Gameboard
FN:7,placeShip
FN:17,receiveAttack
FN:20,(anonymous_3)
FN:30,allSunk
FN:31,(anonymous_5)
FNF:6
FNH:6
FNDA:4,Gameboard
FNDA:3,placeShip
FNDA:5,receiveAttack
FNDA:7,(anonymous_3)
FNDA:1,allSunk
FNDA:1,(anonymous_5)
DA:2,4
DA:3,4
DA:4,4
DA:5,4
DA:8,3
DA:9,3
DA:10,4
DA:11,4
DA:12,4
DA:14,3
DA:18,5
DA:19,5
DA:20,7
DA:21,4
DA:22,4
DA:23,4
DA:26,1
DA:27,1
DA:31,1
DA:34,4
LF:20
LH:20
BRDA:7,0,0,2
BRDA:10,1,0,4
BRDA:10,1,1,0
BRDA:20,2,0,4
BRDA:20,2,1,1
BRDA:20,3,0,7
BRDA:20,3,1,4
BRF:7
BRH:6
end_of_record
TN:
SF:src/modules/player/index.js
FN:3,Player
FN:6,attack
FNF:2
FNH:2
FNDA:2,Player
FNDA:1,attack
DA:4,2
DA:7,1
DA:10,2
LF:3
LH:3
BRF:0
BRH:0
end_of_record
TN:
SF:src/modules/ship/index.js
FN:1,Ship
FN:4,hit
FN:8,isSunk
FNF:3
FNH:3
FNDA:3,Ship
FNDA:6,hit
FNDA:4,isSunk
DA:2,3
DA:5,6
DA:9,4
DA:12,3
LF:4
LH:4
BRF:0
BRH:0
end_of_record
